cowListList 1
cowListList 2
cowListList 3
cowListList 4
cowListList 5
cowListList 6
cowListList 7
GOING!
cowListList 1
cowListList 5
cowListList 7
cowListList 6
cowListList 2
cowListList 3
cowListList 4
not same
GOING!
cowListList 1
cowListList 2
cowListList 4
cowListList 3
cowListList 5
cowListList 7
cowListList 6
not same
not same
GOING!
cowListList 1
cowListList 5
cowListList 6
cowListList 7
cowListList 2
cowListList 4
cowListList 3
not same
not same
not same
GOING!
cowListList 1
cowListList 2
cowListList 3
cowListList 4
cowListList 5
cowListList 6
cowListList 7
same one!
not same
not same
not same
1
2
3
4
5
6
7
